{
  "stats": {
    "suites": 1,
    "tests": 1,
    "passes": 1,
    "pending": 0,
    "failures": 0,
    "start": "2020-09-16T15:28:32.096Z",
    "end": "2020-09-16T15:28:34.216Z",
    "duration": 2120,
    "testsRegistered": 1,
    "passPercent": 100,
    "pendingPercent": 0,
    "other": 0,
    "hasOther": false,
    "skipped": 0,
    "hasSkipped": false
  },
  "results": [
    {
      "uuid": "32a0f274-4060-4270-802c-67a234571aa4",
      "title": "",
      "fullFile": "cypress\\integration\\starter.spec.js",
      "file": "cypress\\integration\\starter.spec.js",
      "beforeHooks": [],
      "afterHooks": [],
      "tests": [],
      "suites": [
        {
          "uuid": "6cb004ac-366e-4bfa-b3d1-6cc1fd83ae32",
          "title": "Starter",
          "fullFile": "",
          "file": "",
          "beforeHooks": [],
          "afterHooks": [],
          "tests": [
            {
              "title": "Starter",
              "fullTitle": "Starter Starter",
              "timedOut": null,
              "duration": 167,
              "state": "passed",
              "speed": "slow",
              "pass": true,
              "fail": false,
              "pending": false,
              "context": null,
              "code": "cy.contains('Hello');",
              "err": {},
              "uuid": "db909e93-2946-46e0-87bf-87957c205e4b",
              "parentUUID": "6cb004ac-366e-4bfa-b3d1-6cc1fd83ae32",
              "isHook": false,
              "skipped": false
            }
          ],
          "suites": [],
          "passes": [
            "db909e93-2946-46e0-87bf-87957c205e4b"
          ],
          "failures": [],
          "pending": [],
          "skipped": [],
          "duration": 167,
          "root": false,
          "rootEmpty": false,
          "_timeout": 2000
        }
      ],
      "passes": [],
      "failures": [],
      "pending": [],
      "skipped": [],
      "duration": 0,
      "root": true,
      "rootEmpty": true,
      "_timeout": 2000
    }
  ],
  "meta": {
    "mocha": {
      "version": "7.0.1"
    },
    "mochawesome": {
      "options": {
        "quiet": false,
        "reportFilename": "mochawesome",
        "saveHtml": false,
        "saveJson": true,
        "consoleReporter": "spec",
        "useInlineDiffs": false,
        "code": true
      },
      "version": "6.1.1"
    },
    "marge": {
      "options": {
        "reportDir": "cypress/reports/integration",
        "overwrite": false,
        "html": false,
        "json": true
      },
      "version": "5.1.0"
    }
  }
}