{
  "stats": {
    "suites": 1,
    "tests": 1,
    "passes": 1,
    "pending": 0,
    "failures": 0,
    "start": "2020-09-16T15:29:27.948Z",
    "end": "2020-09-16T15:29:30.005Z",
    "duration": 2057,
    "testsRegistered": 1,
    "passPercent": 100,
    "pendingPercent": 0,
    "other": 0,
    "hasOther": false,
    "skipped": 0,
    "hasSkipped": false
  },
  "results": [
    {
      "uuid": "07e4d6b3-806b-443c-b220-940288e16fe3",
      "title": "",
      "fullFile": "cypress\\integration\\starter.spec.js",
      "file": "cypress\\integration\\starter.spec.js",
      "beforeHooks": [],
      "afterHooks": [],
      "tests": [],
      "suites": [
        {
          "uuid": "ffd09b36-df4e-4f67-acd5-e88945dfb84d",
          "title": "Starter",
          "fullFile": "",
          "file": "",
          "beforeHooks": [],
          "afterHooks": [],
          "tests": [
            {
              "title": "Starter",
              "fullTitle": "Starter Starter",
              "timedOut": null,
              "duration": 117,
              "state": "passed",
              "speed": "slow",
              "pass": true,
              "fail": false,
              "pending": false,
              "context": null,
              "code": "cy.contains('Hello');",
              "err": {},
              "uuid": "61240a78-4e41-4597-abf1-7aa353be1ab8",
              "parentUUID": "ffd09b36-df4e-4f67-acd5-e88945dfb84d",
              "isHook": false,
              "skipped": false
            }
          ],
          "suites": [],
          "passes": [
            "61240a78-4e41-4597-abf1-7aa353be1ab8"
          ],
          "failures": [],
          "pending": [],
          "skipped": [],
          "duration": 117,
          "root": false,
          "rootEmpty": false,
          "_timeout": 2000
        }
      ],
      "passes": [],
      "failures": [],
      "pending": [],
      "skipped": [],
      "duration": 0,
      "root": true,
      "rootEmpty": true,
      "_timeout": 2000
    }
  ],
  "meta": {
    "mocha": {
      "version": "7.0.1"
    },
    "mochawesome": {
      "options": {
        "quiet": false,
        "reportFilename": "mochawesome",
        "saveHtml": true,
        "saveJson": true,
        "consoleReporter": "spec",
        "useInlineDiffs": false,
        "code": true
      },
      "version": "6.1.1"
    },
    "marge": {
      "options": {
        "reportDir": "cypress/reports/integration",
        "overwrite": false,
        "html": true,
        "json": true
      },
      "version": "5.1.0"
    }
  }
}